<?xml version="1.0" encoding="UTF-8"?>
<!-- Generated by org.testng.reporters.JUnitXMLReporter -->
<testsuite ignored="0" hostname="prashant" failures="1" tests="8" name="Test" time="164.043" errors="0" timestamp="2023-07-26T14:35:34 IST">
  <testcase classname="Com.healthcare.TestCases.LoginTest_Data_MRS" name="Login" time="8.585"/>
  <testcase classname="Com.healthcare.TestCases.LoginTest_Data_MRS" name="Login" time="7.228"/>
  <testcase classname="Com.healthcare.TestCases.LoginTest_Data_MRS" name="Login" time="7.735"/>
  <testcase classname="Com.healthcare.TestCases.LoginTest_Data_MRS" name="Login" time="7.217"/>
  <testcase classname="Com.healthcare.TestCases.LoginTest_Data_MRS" name="Login" time="0.012">
    <failure type="java.lang.IllegalArgumentException" message="Keys to send should be a not null CharSequence">
      <![CDATA[java.lang.IllegalArgumentException: Keys to send should be a not null CharSequence
at org.openqa.selenium.remote.RemoteWebElement.sendKeys(RemoteWebElement.java:98)
at org.openqa.selenium.support.pagefactory.internal.LocatingElementHandler.invoke(LocatingElementHandler.java:52)
at jdk.proxy2/jdk.proxy2.$Proxy18.sendKeys(Unknown Source)
at Com.healthcare.Pageclass.Login_MRS.Setusername(Login_MRS.java:32)
at Com.healthcare.TestCases.LoginTest_Data_MRS.Login(LoginTest_Data_MRS.java:21)
at java.base/java.util.ArrayList.forEach(ArrayList.java:1511)
... Removed 31 stack frames]]>
    </failure>
  </testcase> <!-- Login -->
  <testcase classname="Com.healthcare.TestCases.TestClass_MRS_Broken_links" name="TestMethod" time="1.363"/>
  <testcase classname="Com.healthcare.TestCases.Login_TestClass" name="Login" time="2.768"/>
  <testcase classname="Com.healthcare.TestCases.Register_PatientTestclass" name="Enroll_Patient" time="44.33"/>
</testsuite> <!-- Test -->
