<?xml version="1.0" encoding="UTF-8"?>
<testng-results ignored="0" total="8" passed="8" failed="0" skipped="0">
  <reporter-output>
  </reporter-output>
  <suite started-at="2023-07-28T14:52:44 IST" name="Suite" finished-at="2023-07-28T14:56:21 IST" duration-ms="216888">
    <groups>
    </groups>
    <test started-at="2023-07-28T14:52:44 IST" name="Test" finished-at="2023-07-28T14:56:21 IST" duration-ms="216888">
      <class name="Com.healthcare.TestCases.Register_PatientTestclass">
        <test-method is-config="true" signature="LaunchBrowser()[pri:0, instance:Com.healthcare.TestCases.Register_PatientTestclass@27adc16e]" started-at="2023-07-28T14:55:09 IST" name="LaunchBrowser" finished-at="2023-07-28T14:55:23 IST" duration-ms="14044" status="PASS">
          <reporter-output>
          </reporter-output>
        </test-method> <!-- LaunchBrowser -->
        <test-method signature="Enroll_Patient()[pri:0, instance:Com.healthcare.TestCases.Register_PatientTestclass@27adc16e]" started-at="2023-07-28T14:55:23 IST" name="Enroll_Patient" finished-at="2023-07-28T14:56:18 IST" duration-ms="54908" status="PASS">
          <reporter-output>
          </reporter-output>
        </test-method> <!-- Enroll_Patient -->
        <test-method is-config="true" signature="TearDown()[pri:0, instance:Com.healthcare.TestCases.Register_PatientTestclass@27adc16e]" started-at="2023-07-28T14:56:18 IST" name="TearDown" finished-at="2023-07-28T14:56:21 IST" duration-ms="3225" status="PASS">
          <reporter-output>
          </reporter-output>
        </test-method> <!-- TearDown -->
      </class> <!-- Com.healthcare.TestCases.Register_PatientTestclass -->
      <class name="Com.healthcare.TestCases.TestClass_MRS_Broken_links">
        <test-method is-config="true" signature="LaunchBrowser()[pri:0, instance:Com.healthcare.TestCases.TestClass_MRS_Broken_links@55cf0d14]" started-at="2023-07-28T14:54:30 IST" name="LaunchBrowser" finished-at="2023-07-28T14:54:49 IST" duration-ms="18379" status="PASS">
          <reporter-output>
          </reporter-output>
        </test-method> <!-- LaunchBrowser -->
        <test-method signature="TestMethod()[pri:0, instance:Com.healthcare.TestCases.TestClass_MRS_Broken_links@55cf0d14]" started-at="2023-07-28T14:54:49 IST" name="TestMethod" finished-at="2023-07-28T14:54:51 IST" duration-ms="1640" status="PASS">
          <reporter-output>
          </reporter-output>
        </test-method> <!-- TestMethod -->
        <test-method is-config="true" signature="TearDown()[pri:0, instance:Com.healthcare.TestCases.TestClass_MRS_Broken_links@55cf0d14]" started-at="2023-07-28T14:54:51 IST" name="TearDown" finished-at="2023-07-28T14:54:54 IST" duration-ms="3165" status="PASS">
          <reporter-output>
          </reporter-output>
        </test-method> <!-- TearDown -->
      </class> <!-- Com.healthcare.TestCases.TestClass_MRS_Broken_links -->
      <class name="Com.healthcare.TestCases.LoginTest_Data_MRS">
        <test-method is-config="true" signature="LaunchBrowser()[pri:0, instance:Com.healthcare.TestCases.LoginTest_Data_MRS@6986852]" started-at="2023-07-28T14:52:46 IST" name="LaunchBrowser" finished-at="2023-07-28T14:52:55 IST" duration-ms="9357" status="PASS">
          <reporter-output>
          </reporter-output>
        </test-method> <!-- LaunchBrowser -->
        <test-method signature="Login(java.lang.String,java.lang.String,java.lang.String)[pri:0, instance:Com.healthcare.TestCases.LoginTest_Data_MRS@6986852]" started-at="2023-07-28T14:52:55 IST" name="Login" data-provider="Logindata" finished-at="2023-07-28T14:53:05 IST" duration-ms="10035" status="PASS">
          <params>
            <param index="0">
              <value>
                <![CDATA[Admin]]>
              </value>
            </param>
            <param index="1">
              <value>
                <![CDATA[Admin123]]>
              </value>
            </param>
            <param index="2">
              <value>
                <![CDATA[Valid]]>
              </value>
            </param>
          </params>
          <reporter-output>
          </reporter-output>
        </test-method> <!-- Login -->
        <test-method is-config="true" signature="TearDown()[pri:0, instance:Com.healthcare.TestCases.LoginTest_Data_MRS@6986852]" started-at="2023-07-28T14:53:05 IST" name="TearDown" finished-at="2023-07-28T14:53:08 IST" duration-ms="3210" status="PASS">
          <reporter-output>
          </reporter-output>
        </test-method> <!-- TearDown -->
        <test-method is-config="true" signature="LaunchBrowser()[pri:0, instance:Com.healthcare.TestCases.LoginTest_Data_MRS@6986852]" started-at="2023-07-28T14:53:08 IST" name="LaunchBrowser" finished-at="2023-07-28T14:53:16 IST" duration-ms="7282" status="PASS">
          <reporter-output>
          </reporter-output>
        </test-method> <!-- LaunchBrowser -->
        <test-method signature="Login(java.lang.String,java.lang.String,java.lang.String)[pri:0, instance:Com.healthcare.TestCases.LoginTest_Data_MRS@6986852]" started-at="2023-07-28T14:53:16 IST" name="Login" data-provider="Logindata" finished-at="2023-07-28T14:53:23 IST" duration-ms="7500" status="PASS">
          <params>
            <param index="0">
              <value>
                <![CDATA[Adminn]]>
              </value>
            </param>
            <param index="1">
              <value>
                <![CDATA[Admin123]]>
              </value>
            </param>
            <param index="2">
              <value>
                <![CDATA[Invalid]]>
              </value>
            </param>
          </params>
          <reporter-output>
          </reporter-output>
        </test-method> <!-- Login -->
        <test-method is-config="true" signature="TearDown()[pri:0, instance:Com.healthcare.TestCases.LoginTest_Data_MRS@6986852]" started-at="2023-07-28T14:53:23 IST" name="TearDown" finished-at="2023-07-28T14:53:26 IST" duration-ms="3157" status="PASS">
          <reporter-output>
          </reporter-output>
        </test-method> <!-- TearDown -->
        <test-method is-config="true" signature="LaunchBrowser()[pri:0, instance:Com.healthcare.TestCases.LoginTest_Data_MRS@6986852]" started-at="2023-07-28T14:53:26 IST" name="LaunchBrowser" finished-at="2023-07-28T14:53:35 IST" duration-ms="9118" status="PASS">
          <reporter-output>
          </reporter-output>
        </test-method> <!-- LaunchBrowser -->
        <test-method signature="Login(java.lang.String,java.lang.String,java.lang.String)[pri:0, instance:Com.healthcare.TestCases.LoginTest_Data_MRS@6986852]" started-at="2023-07-28T14:53:35 IST" name="Login" data-provider="Logindata" finished-at="2023-07-28T14:53:43 IST" duration-ms="7706" status="PASS">
          <params>
            <param index="0">
              <value>
                <![CDATA[Admin]]>
              </value>
            </param>
            <param index="1">
              <value>
                <![CDATA[Admin12345]]>
              </value>
            </param>
            <param index="2">
              <value>
                <![CDATA[Invalid]]>
              </value>
            </param>
          </params>
          <reporter-output>
          </reporter-output>
        </test-method> <!-- Login -->
        <test-method is-config="true" signature="TearDown()[pri:0, instance:Com.healthcare.TestCases.LoginTest_Data_MRS@6986852]" started-at="2023-07-28T14:53:43 IST" name="TearDown" finished-at="2023-07-28T14:53:46 IST" duration-ms="3162" status="PASS">
          <reporter-output>
          </reporter-output>
        </test-method> <!-- TearDown -->
        <test-method is-config="true" signature="LaunchBrowser()[pri:0, instance:Com.healthcare.TestCases.LoginTest_Data_MRS@6986852]" started-at="2023-07-28T14:53:46 IST" name="LaunchBrowser" finished-at="2023-07-28T14:54:01 IST" duration-ms="15006" status="PASS">
          <reporter-output>
          </reporter-output>
        </test-method> <!-- LaunchBrowser -->
        <test-method signature="Login(java.lang.String,java.lang.String,java.lang.String)[pri:0, instance:Com.healthcare.TestCases.LoginTest_Data_MRS@6986852]" started-at="2023-07-28T14:54:01 IST" name="Login" data-provider="Logindata" finished-at="2023-07-28T14:54:09 IST" duration-ms="7403" status="PASS">
          <params>
            <param index="0">
              <value>
                <![CDATA[Admin12]]>
              </value>
            </param>
            <param index="1">
              <value>
                <![CDATA[Admin12]]>
              </value>
            </param>
            <param index="2">
              <value>
                <![CDATA[Invalid]]>
              </value>
            </param>
          </params>
          <reporter-output>
          </reporter-output>
        </test-method> <!-- Login -->
        <test-method is-config="true" signature="TearDown()[pri:0, instance:Com.healthcare.TestCases.LoginTest_Data_MRS@6986852]" started-at="2023-07-28T14:54:09 IST" name="TearDown" finished-at="2023-07-28T14:54:12 IST" duration-ms="3196" status="PASS">
          <reporter-output>
          </reporter-output>
        </test-method> <!-- TearDown -->
        <test-method is-config="true" signature="LaunchBrowser()[pri:0, instance:Com.healthcare.TestCases.LoginTest_Data_MRS@6986852]" started-at="2023-07-28T14:54:12 IST" name="LaunchBrowser" finished-at="2023-07-28T14:54:20 IST" duration-ms="7884" status="PASS">
          <reporter-output>
          </reporter-output>
        </test-method> <!-- LaunchBrowser -->
        <test-method signature="Login(java.lang.String,java.lang.String,java.lang.String)[pri:0, instance:Com.healthcare.TestCases.LoginTest_Data_MRS@6986852]" started-at="2023-07-28T14:54:20 IST" name="Login" data-provider="Logindata" finished-at="2023-07-28T14:54:27 IST" duration-ms="7470" status="PASS">
          <params>
            <param index="0">
              <value>
                <![CDATA[adminpk]]>
              </value>
            </param>
            <param index="1">
              <value>
                <![CDATA[Admin1234567]]>
              </value>
            </param>
            <param index="2">
              <value>
                <![CDATA[Invalid]]>
              </value>
            </param>
          </params>
          <reporter-output>
          </reporter-output>
        </test-method> <!-- Login -->
        <test-method is-config="true" signature="TearDown()[pri:0, instance:Com.healthcare.TestCases.LoginTest_Data_MRS@6986852]" started-at="2023-07-28T14:54:27 IST" name="TearDown" finished-at="2023-07-28T14:54:30 IST" duration-ms="3182" status="PASS">
          <reporter-output>
          </reporter-output>
        </test-method> <!-- TearDown -->
      </class> <!-- Com.healthcare.TestCases.LoginTest_Data_MRS -->
      <class name="Com.healthcare.TestCases.Login_TestClass">
        <test-method is-config="true" signature="LaunchBrowser()[pri:0, instance:Com.healthcare.TestCases.Login_TestClass@3b74ac8]" started-at="2023-07-28T14:54:54 IST" name="LaunchBrowser" finished-at="2023-07-28T14:55:03 IST" duration-ms="8969" status="PASS">
          <reporter-output>
          </reporter-output>
        </test-method> <!-- LaunchBrowser -->
        <test-method signature="Login()[pri:0, instance:Com.healthcare.TestCases.Login_TestClass@3b74ac8]" started-at="2023-07-28T14:55:03 IST" name="Login" finished-at="2023-07-28T14:55:06 IST" duration-ms="3245" status="PASS">
          <reporter-output>
          </reporter-output>
        </test-method> <!-- Login -->
        <test-method is-config="true" signature="TearDown()[pri:0, instance:Com.healthcare.TestCases.Login_TestClass@3b74ac8]" started-at="2023-07-28T14:55:06 IST" name="TearDown" finished-at="2023-07-28T14:55:09 IST" duration-ms="3211" status="PASS">
          <reporter-output>
          </reporter-output>
        </test-method> <!-- TearDown -->
      </class> <!-- Com.healthcare.TestCases.Login_TestClass -->
    </test> <!-- Test -->
  </suite> <!-- Suite -->
</testng-results>
